INFO:root:Initialized bot Settler
INFO:root:---NEW TURN---
INFO:root:Starting my Settler bot!
INFO:root:---NEW TURN---
INFO:root:updated gaming map
INFO:root:Player 0 with ships [Entity Ship (id: 0) at position: (x = 120.0, y = 40.0), with radius = 0.5, Entity Ship (id: 1) at position: (x = 120.0, y = 37.0), with radius = 0.5, Entity Ship (id: 2) at position: (x = 120.0, y = 43.0), with radius = 0.5]
INFO:root:nearest_planet_to_ship called
INFO:root:---NEW TURN---
INFO:root:updated gaming map
INFO:root:Player 0 with ships [Entity Ship (id: 0) at position: (x = 117.3778, y = 46.4903), with radius = 0.5, Entity Ship (id: 1) at position: (x = 120.0, y = 37.0), with radius = 0.5, Entity Ship (id: 2) at position: (x = 120.0, y = 43.0), with radius = 0.5]
INFO:root:nearest_planet_to_ship called
INFO:root:---NEW TURN---
INFO:root:updated gaming map
INFO:root:Player 0 with ships [Entity Ship (id: 0) at position: (x = 115.3312, y = 53.1844), with radius = 0.5, Entity Ship (id: 1) at position: (x = 120.0, y = 37.0), with radius = 0.5, Entity Ship (id: 2) at position: (x = 120.0, y = 43.0), with radius = 0.5]
INFO:root:nearest_planet_to_ship called
INFO:root:---NEW TURN---
INFO:root:updated gaming map
INFO:root:Player 0 with ships [Entity Ship (id: 0) at position: (x = 113.2845, y = 59.8786), with radius = 0.5, Entity Ship (id: 1) at position: (x = 120.0, y = 37.0), with radius = 0.5, Entity Ship (id: 2) at position: (x = 120.0, y = 43.0), with radius = 0.5]
INFO:root:nearest_planet_to_ship called
INFO:root:---NEW TURN---
INFO:root:updated gaming map
INFO:root:Player 0 with ships [Entity Ship (id: 0) at position: (x = 112.9922, y = 60.8349), with radius = 0.5, Entity Ship (id: 1) at position: (x = 120.0, y = 37.0), with radius = 0.5, Entity Ship (id: 2) at position: (x = 120.0, y = 43.0), with radius = 0.5]
INFO:root:nearest_planet_to_ship called
INFO:root:About to attempt a docking move
INFO:root:nearest_planet_to_ship called
INFO:root:nearest_planet_to_ship called
INFO:root:---NEW TURN---
INFO:root:updated gaming map
INFO:root:Player 0 with ships [Entity Ship (id: 0) at position: (x = 112.9922, y = 60.8349), with radius = 0.5, Entity Ship (id: 1) at position: (x = 126.9138, y = 35.905), with radius = 0.5, Entity Ship (id: 2) at position: (x = 117.0417, y = 49.3442), with radius = 0.5]
INFO:root:nearest_planet_to_ship called
INFO:root:nearest_planet_to_ship called
INFO:root:---NEW TURN---
INFO:root:updated gaming map
INFO:root:Player 0 with ships [Entity Ship (id: 0) at position: (x = 112.9922, y = 60.8349), with radius = 0.5, Entity Ship (id: 1) at position: (x = 133.8276, y = 34.8099), with radius = 0.5, Entity Ship (id: 2) at position: (x = 120.7511, y = 55.2805), with radius = 0.5]
INFO:root:nearest_planet_to_ship called
INFO:root:nearest_planet_to_ship called
INFO:root:---NEW TURN---
INFO:root:updated gaming map
INFO:root:Player 0 with ships [Entity Ship (id: 0) at position: (x = 112.9922, y = 60.8349), with radius = 0.5, Entity Ship (id: 1) at position: (x = 137.7784, y = 34.1842), with radius = 0.5, Entity Ship (id: 2) at position: (x = 124.4605, y = 61.2168), with radius = 0.5]
INFO:root:nearest_planet_to_ship called
INFO:root:About to attempt a docking move
INFO:root:nearest_planet_to_ship called
INFO:root:About to attempt a docking move
INFO:root:---NEW TURN---
INFO:root:updated gaming map
INFO:root:Player 0 with ships [Entity Ship (id: 0) at position: (x = 112.9922, y = 60.8349), with radius = 0.5, Entity Ship (id: 1) at position: (x = 137.7784, y = 34.1842), with radius = 0.5, Entity Ship (id: 2) at position: (x = 124.4605, y = 61.2168), with radius = 0.5]
INFO:root:---NEW TURN---
INFO:root:updated gaming map
INFO:root:Player 0 with ships [Entity Ship (id: 0) at position: (x = 112.9922, y = 60.8349), with radius = 0.5, Entity Ship (id: 1) at position: (x = 137.7784, y = 34.1842), with radius = 0.5, Entity Ship (id: 2) at position: (x = 124.4605, y = 61.2168), with radius = 0.5]
INFO:root:---NEW TURN---
INFO:root:updated gaming map
INFO:root:Player 0 with ships [Entity Ship (id: 1) at position: (x = 137.7784, y = 34.1842), with radius = 0.5, Entity Ship (id: 2) at position: (x = 124.4605, y = 61.2168), with radius = 0.5]
INFO:root:---NEW TURN---
INFO:root:updated gaming map
INFO:root:Player 0 with ships [Entity Ship (id: 1) at position: (x = 137.7784, y = 34.1842), with radius = 0.5]
INFO:root:---NEW TURN---
INFO:root:updated gaming map
INFO:root:Player 0 with ships [Entity Ship (id: 1) at position: (x = 137.7784, y = 34.1842), with radius = 0.5]
INFO:root:---NEW TURN---
INFO:root:updated gaming map
INFO:root:Player 0 with ships [Entity Ship (id: 1) at position: (x = 137.7784, y = 34.1842), with radius = 0.5]
INFO:root:---NEW TURN---
INFO:root:updated gaming map
INFO:root:Player 0 with ships [Entity Ship (id: 1) at position: (x = 137.7784, y = 34.1842), with radius = 0.5]
INFO:root:---NEW TURN---
INFO:root:updated gaming map
INFO:root:Player 0 with ships [Entity Ship (id: 1) at position: (x = 137.7784, y = 34.1842), with radius = 0.5]
INFO:root:---NEW TURN---
INFO:root:updated gaming map
INFO:root:Player 0 with ships [Entity Ship (id: 1) at position: (x = 137.7784, y = 34.1842), with radius = 0.5]
INFO:root:---NEW TURN---
INFO:root:updated gaming map
INFO:root:Player 0 with ships [Entity Ship (id: 1) at position: (x = 137.7784, y = 34.1842), with radius = 0.5]
INFO:root:---NEW TURN---
