INFO:root:Initialized bot Settler
INFO:root:---NEW TURN---
INFO:root:Starting my Settler bot!
INFO:root:---NEW TURN---
INFO:root:updated gaming map
INFO:root:nearest_planet_to_ship called
INFO:root:entity is a ship
INFO:root:Check ship actions
INFO:root:---NEW TURN---
INFO:root:updated gaming map
INFO:root:nearest_planet_to_ship called
INFO:root:entity is a ship
INFO:root:Check ship actions
INFO:root:---NEW TURN---
INFO:root:updated gaming map
INFO:root:nearest_planet_to_ship called
INFO:root:entity is a ship
INFO:root:Check ship actions
INFO:root:---NEW TURN---
INFO:root:updated gaming map
INFO:root:nearest_planet_to_ship called
INFO:root:entity is a ship
INFO:root:Check ship actions
INFO:root:---NEW TURN---
INFO:root:updated gaming map
INFO:root:nearest_planet_to_ship called
INFO:root:entity is a ship
INFO:root:Check ship actions
INFO:root:---NEW TURN---
INFO:root:updated gaming map
INFO:root:nearest_planet_to_ship called
INFO:root:entity is a ship
INFO:root:Check ship actions
INFO:root:---NEW TURN---
INFO:root:updated gaming map
INFO:root:nearest_planet_to_ship called
INFO:root:entity is a ship
INFO:root:Check ship actions
INFO:root:---NEW TURN---
INFO:root:updated gaming map
INFO:root:nearest_planet_to_ship called
INFO:root:entity is a ship
INFO:root:Check ship actions
INFO:root:---NEW TURN---
INFO:root:updated gaming map
INFO:root:nearest_planet_to_ship called
INFO:root:entity is a ship
INFO:root:Check ship actions
INFO:root:---NEW TURN---
INFO:root:updated gaming map
INFO:root:nearest_planet_to_ship called
INFO:root:entity is a ship
INFO:root:Check ship actions
INFO:root:---NEW TURN---
INFO:root:updated gaming map
INFO:root:nearest_planet_to_ship called
INFO:root:entity is a ship
INFO:root:Check ship actions
INFO:root:---NEW TURN---
INFO:root:updated gaming map
INFO:root:nearest_planet_to_ship called
INFO:root:entity is a ship
INFO:root:Check ship actions
INFO:root:---NEW TURN---
INFO:root:updated gaming map
INFO:root:nearest_planet_to_ship called
INFO:root:entity is a ship
INFO:root:Check ship actions
INFO:root:---NEW TURN---
INFO:root:updated gaming map
INFO:root:nearest_planet_to_ship called
INFO:root:entity is a ship
INFO:root:Check ship actions
INFO:root:---NEW TURN---
INFO:root:updated gaming map
INFO:root:nearest_planet_to_ship called
INFO:root:entity is a ship
INFO:root:Check ship actions
INFO:root:---NEW TURN---
INFO:root:updated gaming map
INFO:root:---NEW TURN---
INFO:root:updated gaming map
INFO:root:---NEW TURN---
INFO:root:updated gaming map
INFO:root:---NEW TURN---
INFO:root:updated gaming map
INFO:root:---NEW TURN---
INFO:root:updated gaming map
INFO:root:---NEW TURN---
INFO:root:updated gaming map
INFO:root:nearest_planet_to_ship called
INFO:root:entity is a ship
INFO:root:Check ship actions
INFO:root:---NEW TURN---
INFO:root:updated gaming map
INFO:root:nearest_planet_to_ship called
INFO:root:entity is a ship
INFO:root:Check ship actions
INFO:root:---NEW TURN---
INFO:root:updated gaming map
INFO:root:nearest_planet_to_ship called
INFO:root:entity is a ship
INFO:root:Check ship actions
INFO:root:---NEW TURN---
INFO:root:updated gaming map
INFO:root:nearest_planet_to_ship called
INFO:root:entity is a ship
INFO:root:Check ship actions
INFO:root:---NEW TURN---
INFO:root:updated gaming map
INFO:root:nearest_planet_to_ship called
INFO:root:entity is a ship
INFO:root:Check ship actions
INFO:root:---NEW TURN---
INFO:root:updated gaming map
INFO:root:nearest_planet_to_ship called
INFO:root:entity is a ship
INFO:root:Check ship actions
INFO:root:---NEW TURN---
INFO:root:updated gaming map
INFO:root:nearest_planet_to_ship called
INFO:root:entity is a ship
INFO:root:Check ship actions
INFO:root:---NEW TURN---
INFO:root:updated gaming map
INFO:root:nearest_planet_to_ship called
INFO:root:entity is a ship
INFO:root:Check ship actions
INFO:root:---NEW TURN---
INFO:root:updated gaming map
INFO:root:nearest_planet_to_ship called
INFO:root:entity is a ship
INFO:root:Check ship actions
INFO:root:---NEW TURN---
INFO:root:updated gaming map
INFO:root:nearest_planet_to_ship called
INFO:root:entity is a ship
INFO:root:Check ship actions
INFO:root:---NEW TURN---
INFO:root:updated gaming map
INFO:root:nearest_planet_to_ship called
INFO:root:entity is a ship
INFO:root:Check ship actions
INFO:root:---NEW TURN---
INFO:root:updated gaming map
INFO:root:nearest_planet_to_ship called
INFO:root:entity is a ship
INFO:root:Check ship actions
INFO:root:---NEW TURN---
INFO:root:updated gaming map
INFO:root:nearest_planet_to_ship called
INFO:root:entity is a ship
INFO:root:Check ship actions
INFO:root:---NEW TURN---
INFO:root:updated gaming map
INFO:root:nearest_planet_to_ship called
INFO:root:entity is a ship
INFO:root:Check ship actions
INFO:root:---NEW TURN---
INFO:root:updated gaming map
INFO:root:nearest_planet_to_ship called
INFO:root:entity is a ship
INFO:root:Check ship actions
INFO:root:---NEW TURN---
INFO:root:updated gaming map
INFO:root:nearest_planet_to_ship called
INFO:root:entity is a ship
INFO:root:Check ship actions
INFO:root:---NEW TURN---
INFO:root:updated gaming map
INFO:root:nearest_planet_to_ship called
INFO:root:entity is a ship
INFO:root:Check ship actions
INFO:root:---NEW TURN---
INFO:root:updated gaming map
INFO:root:nearest_planet_to_ship called
INFO:root:entity is a ship
INFO:root:Check ship actions
INFO:root:---NEW TURN---
INFO:root:updated gaming map
INFO:root:nearest_planet_to_ship called
INFO:root:entity is a ship
INFO:root:Check ship actions
INFO:root:---NEW TURN---
INFO:root:updated gaming map
INFO:root:nearest_planet_to_ship called
INFO:root:entity is a ship
INFO:root:Check ship actions
INFO:root:---NEW TURN---
INFO:root:updated gaming map
INFO:root:nearest_planet_to_ship called
INFO:root:entity is a ship
INFO:root:Check ship actions
INFO:root:---NEW TURN---
INFO:root:updated gaming map
INFO:root:nearest_planet_to_ship called
INFO:root:entity is a ship
INFO:root:Check ship actions
INFO:root:---NEW TURN---
INFO:root:updated gaming map
INFO:root:nearest_planet_to_ship called
INFO:root:entity is a ship
INFO:root:Check ship actions
INFO:root:---NEW TURN---
INFO:root:updated gaming map
INFO:root:nearest_planet_to_ship called
INFO:root:entity is a ship
INFO:root:Check ship actions
INFO:root:---NEW TURN---
INFO:root:updated gaming map
INFO:root:nearest_planet_to_ship called
INFO:root:entity is a ship
INFO:root:Check ship actions
INFO:root:---NEW TURN---
INFO:root:updated gaming map
INFO:root:nearest_planet_to_ship called
INFO:root:entity is a ship
INFO:root:Check ship actions
INFO:root:nearest_enemy_planet method started
